<?xml version="1.0" encoding="UTF-8"?>
<testsuite xmlns:xsi="http://www.w3.org/2001/XMLSchema-instance" xsi:noNamespaceSchemaLocation="https://maven.apache.org/surefire/maven-surefire-plugin/xsd/surefire-test-report.xsd" name="com.recruitment.assistant.service.JobOfferServiceImplTest" time="0.217" tests="9" errors="0" skipped="0" failures="0">
  <properties>
[...]
</properties>
  <testcase name="test_pos_getAllJobOffers_checksJobIdFieldsFromResp" classname="com.recruitment.assistant.service.JobOfferServiceImplTest" time="0.017"/>
  <testcase name="test_pos_getAllJobOffers_checksJobTitleFieldsFromResp" classname="com.recruitment.assistant.service.JobOfferServiceImplTest" time="0"/>
  <testcase name="test_pos_getAllJobOffers_checksNotNullJobOffersList" classname="com.recruitment.assistant.service.JobOfferServiceImplTest" time="0.001"/>
  <testcase name="test_pos_getAllJobOffers_checksCntckPersnFieldsFromResp" classname="com.recruitment.assistant.service.JobOfferServiceImplTest" time="0.001"/>
  <testcase name="test_pos_createNewJobOffer_persistEntitySuccessfully_returnsJobId_Successfully" classname="com.recruitment.assistant.service.JobOfferServiceImplTest" time="0.004"/>
  <testcase name="test_pos_findJobOfferByJobTitle_checksJobOfferTitleReceived" classname="com.recruitment.assistant.service.JobOfferServiceImplTest" time="0.007"/>
  <testcase name="test_pos_findJobOfferByJobTitle_checksNotNullJobOfferReceived" classname="com.recruitment.assistant.service.JobOfferServiceImplTest" time="0.002"/>
  <testcase name="test_neg_createNewJobOffer_throwsRecAsstntException_WhenNullPointer" classname="com.recruitment.assistant.service.JobOfferServiceImplTest" time="0.005"/>
  <testcase name="test_neg_createNewJobOffer_throwsRecAsstntException_WhenJPASystemException" classname="com.recruitment.assistant.service.JobOfferServiceImplTest" time="0.006"/>
</testsuite>